2024-07-01T18:04:33.328Z INFO  [conductor::broker] Broker receiving messages on 127.0.0.1:5555...
2024-07-01T18:04:33.328Z INFO  [conductor::broker] Broker receiving subscriptions on 127.0.0.1:5556...
2024-07-01T18:04:33.345Z INFO  [conductor::util] New subscription received
2024-07-01T18:04:33.345Z INFO  [conductor::util] New subscription received
2024-07-01T18:04:33.345Z INFO  [conductor::util] Topics subscribed to: ["FilesystemTopic"]
2024-07-01T18:04:33.347Z INFO  [conductor::util] New subscription received
2024-07-01T18:04:33.347Z INFO  [conductor::util] Topics subscribed to: ["state"]
2024-07-01T18:04:33.347Z INFO  [conductor::util] New subscription received
2024-07-01T18:04:33.347Z INFO  [conductor::util] Topics subscribed to: ["task_status"]
2024-07-01T18:04:33.449Z INFO  [conductor::util] New subscription received
2024-07-01T18:04:33.449Z INFO  [conductor::util] Topics subscribed to: ["quorum"]
2024-07-01T18:04:33.458Z INFO  [conductor::broker] Recieved new message, attempting to parse
2024-07-01T18:04:33.458Z INFO  [conductor::util] Parsing message of length 239
2024-07-01T18:04:33.458Z INFO  [conductor::util] attemping to write to subscribers stream...
2024-07-01T18:04:33.458Z INFO  [conductor::util] Dropping lock on stream...
2024-07-01T18:04:33.458Z INFO  [conductor::util] Cleaning dead streams...
2024-07-01T18:04:33.458Z INFO  [conductor::util] Dropping lock on subs...
2024-07-01T18:04:33.458Z INFO  [conductor::util] New subscription received
2024-07-01T18:04:33.458Z INFO  [conductor::util] Topics subscribed to: ["rpc_response"]
2024-07-01T18:04:33.462Z INFO  [conductor::util] New subscription received
2024-07-01T18:04:33.462Z INFO  [conductor::util] Topics subscribed to: ["network"]
2024-07-01T18:04:33.507Z INFO  [conductor::util] New subscription received
2024-07-01T18:04:33.507Z INFO  [conductor::util] Topics subscribed to: ["vmm"]
2024-07-01T18:04:33.508Z INFO  [conductor::util] New subscription received
2024-07-01T18:04:33.508Z INFO  [conductor::util] Topics subscribed to: ["LibrettoTopic"]
2024-07-01T18:04:55.685Z INFO  [conductor::broker] Broker receiving messages on 127.0.0.1:5555...
2024-07-01T18:04:55.685Z INFO  [conductor::broker] Broker receiving subscriptions on 127.0.0.1:5556...
2024-07-01T18:04:55.702Z INFO  [conductor::util] New subscription received
2024-07-01T18:04:55.702Z INFO  [conductor::util] New subscription received
2024-07-01T18:04:55.702Z INFO  [conductor::util] New subscription received
2024-07-01T18:04:55.702Z INFO  [conductor::util] New subscription received
2024-07-01T18:04:55.702Z INFO  [conductor::util] Topics subscribed to: ["state"]
2024-07-01T18:04:55.702Z INFO  [conductor::util] Topics subscribed to: ["FilesystemTopic"]
2024-07-01T18:04:55.702Z INFO  [conductor::util] Topics subscribed to: ["task_status"]
2024-07-01T18:04:55.814Z INFO  [conductor::broker] Recieved new message, attempting to parse
2024-07-01T18:04:55.814Z INFO  [conductor::util] Parsing message of length 239
2024-07-01T18:04:55.814Z INFO  [conductor::util] Dropping lock on subs...
2024-07-01T18:04:55.814Z INFO  [conductor::util] New subscription received
2024-07-01T18:04:55.814Z INFO  [conductor::util] Topics subscribed to: ["rpc_response"]
2024-07-01T18:04:55.818Z INFO  [conductor::util] New subscription received
2024-07-01T18:04:55.818Z INFO  [conductor::util] Topics subscribed to: ["quorum"]
2024-07-01T18:04:55.829Z INFO  [conductor::util] New subscription received
2024-07-01T18:04:55.829Z INFO  [conductor::util] Topics subscribed to: ["network"]
2024-07-01T18:04:55.954Z INFO  [conductor::util] New subscription received
2024-07-01T18:04:55.954Z INFO  [conductor::util] Topics subscribed to: ["vmm"]
2024-07-01T18:04:55.954Z INFO  [conductor::util] New subscription received
2024-07-01T18:04:55.954Z INFO  [conductor::util] Topics subscribed to: ["LibrettoTopic"]
