2024-07-01T18:04:33.342Z INFO  [allegra::vmm] set lxd network interface to lxdbr0
2024-07-01T18:04:33.342Z INFO  [allegra::vmm] established FuturesUnordered handler
2024-07-01T18:04:33.507Z INFO  [allegra::vmm] acquired vm list
2024-07-01T18:04:33.507Z INFO  [allegra::vmm] established syncing handler
2024-07-01T18:04:33.507Z INFO  [allegra::vmm] instantiated VmmSubscriber, listening on 127.0.0.1:5556
2024-07-01T18:04:33.508Z INFO  [allegra::vmm] instantiated GenericPublisher publishing to 127.0.0.1:5555
2024-07-01T18:04:33.508Z INFO  [allegra::vmm] Returning VmManager
2024-07-01T18:04:33.508Z INFO  [vmm] created vmm manager
2024-07-01T18:04:33.508Z INFO  [vmm] established channel
2024-07-01T18:04:33.508Z INFO  [vmm] setup vmm thread
2024-07-01T18:04:33.508Z INFO  [allegra::vmm] Starting VmManager
2024-07-01T18:04:55.701Z INFO  [allegra::vmm] set lxd network interface to lxdbr0
2024-07-01T18:04:55.701Z INFO  [allegra::vmm] established FuturesUnordered handler
2024-07-01T18:04:55.954Z INFO  [allegra::vmm] acquired vm list
2024-07-01T18:04:55.954Z INFO  [allegra::vmm] established syncing handler
2024-07-01T18:04:55.954Z INFO  [allegra::vmm] instantiated VmmSubscriber, listening on 127.0.0.1:5556
2024-07-01T18:04:55.954Z INFO  [allegra::vmm] instantiated GenericPublisher publishing to 127.0.0.1:5555
2024-07-01T18:04:55.954Z INFO  [allegra::vmm] Returning VmManager
2024-07-01T18:04:55.954Z INFO  [vmm] created vmm manager
2024-07-01T18:04:55.954Z INFO  [vmm] established channel
2024-07-01T18:04:55.954Z INFO  [vmm] setup vmm thread
2024-07-01T18:04:55.954Z INFO  [allegra::vmm] Starting VmManager
